TN:
SF:src\controllers\healthCheckController.ts
FN:3,healthCheck
FNF:1
FNH:1
FNDA:1,healthCheck
DA:1,1
DA:2,1
DA:3,1
DA:4,1
DA:5,1
DA:6,1
DA:7,1
DA:8,1
DA:9,1
DA:10,1
LF:10
LH:10
BRDA:3,0,0,1
BRF:1
BRH:1
end_of_record
TN:
SF:src\controllers\inboundController.ts
FN:4,inbound
FNF:1
FNH:1
FNDA:2,inbound
DA:1,1
DA:2,1
DA:3,1
DA:4,1
DA:5,2
DA:6,2
DA:7,2
DA:8,2
DA:9,2
DA:10,2
DA:11,2
DA:12,2
DA:13,2
DA:14,2
DA:15,2
DA:16,2
DA:17,2
DA:18,2
DA:19,2
DA:20,2
DA:21,2
DA:22,2
DA:23,2
DA:24,2
DA:25,2
DA:26,2
DA:27,2
DA:28,2
DA:29,2
DA:30,2
DA:31,2
LF:31
LH:31
BRDA:4,0,0,2
BRF:1
BRH:1
end_of_record
TN:
SF:src\controllers\outboundController.ts
FN:4,outbound
FNF:1
FNH:1
FNDA:5,outbound
DA:1,1
DA:2,1
DA:3,1
DA:4,1
DA:5,5
DA:6,5
DA:7,5
DA:8,5
DA:9,5
DA:10,5
DA:11,5
DA:12,5
DA:13,5
DA:14,5
DA:15,5
DA:16,5
DA:17,5
DA:18,3
DA:19,3
DA:20,3
DA:21,3
DA:22,1
DA:23,1
DA:24,1
DA:25,3
DA:26,3
DA:27,1
DA:28,1
DA:29,1
DA:30,3
DA:31,3
DA:32,1
DA:33,1
DA:34,1
DA:35,3
DA:36,3
DA:37,3
DA:38,5
DA:39,5
DA:40,5
LF:40
LH:40
BRDA:4,0,0,5
BRDA:17,1,0,3
BRDA:21,2,0,1
BRDA:26,3,0,1
BRDA:31,4,0,1
BRF:5
BRH:5
end_of_record
TN:
SF:src\middlewares\authController.ts
FN:4,auth
FNF:1
FNH:1
FNDA:16,auth
DA:1,1
DA:2,1
DA:3,1
DA:4,1
DA:5,16
DA:6,16
DA:7,16
DA:8,16
DA:9,16
DA:10,13
DA:11,13
DA:12,13
DA:13,16
DA:14,3
DA:15,3
DA:16,3
DA:17,3
DA:18,3
DA:19,3
DA:20,3
DA:21,3
DA:22,3
DA:23,3
DA:24,3
DA:25,16
LF:25
LH:25
BRDA:4,0,0,16
BRDA:10,1,0,13
BRDA:13,2,0,3
BRF:3
BRH:3
end_of_record
TN:
SF:src\middlewares\validationController.ts
FN:4,validation
FNF:1
FNH:1
FNDA:13,validation
DA:1,1
DA:2,1
DA:3,1
DA:4,1
DA:5,13
DA:6,13
DA:7,13
DA:8,13
DA:9,13
DA:10,7
DA:11,13
DA:12,6
DA:13,6
DA:14,6
DA:15,6
DA:16,6
DA:17,6
DA:18,13
LF:18
LH:18
BRDA:4,0,0,13
BRDA:10,1,0,7
BRDA:11,2,0,6
BRF:3
BRH:3
end_of_record
TN:
SF:src\services\auth.service.ts
FN:4,authService
FNF:1
FNH:1
FNDA:16,authService
DA:1,1
DA:2,1
DA:3,1
DA:4,1
DA:5,16
DA:6,1
DA:7,1
DA:8,15
DA:9,15
DA:10,15
DA:11,15
DA:12,15
DA:13,15
DA:14,15
DA:15,16
DA:16,1
DA:17,1
DA:18,16
DA:19,16
DA:20,16
DA:21,16
DA:22,1
DA:23,1
DA:24,13
DA:25,13
DA:26,13
LF:26
LH:26
BRDA:4,0,0,16
BRDA:5,1,0,15
BRDA:5,2,0,1
BRDA:8,3,0,15
BRDA:15,4,0,14
BRDA:15,5,0,1
BRDA:21,6,0,1
BRDA:24,7,0,13
BRF:8
BRH:8
end_of_record
TN:
SF:src\services\inbound.service.ts
FN:4,inboundService
FNF:1
FNH:1
FNDA:2,inboundService
DA:1,1
DA:2,1
DA:3,1
DA:4,1
DA:5,2
DA:6,2
DA:7,2
DA:8,2
DA:9,2
DA:10,2
DA:11,2
DA:12,2
DA:13,1
DA:14,1
DA:15,1
DA:16,1
DA:17,1
DA:18,1
DA:19,1
DA:20,1
DA:21,1
DA:22,1
DA:23,1
DA:24,1
LF:24
LH:24
BRDA:4,0,0,2
BRDA:12,1,0,1
BRF:2
BRH:2
end_of_record
TN:
SF:src\services\outbound.service.ts
FN:4,outboundService
FNF:1
FNH:1
FNDA:5,outboundService
DA:1,1
DA:2,1
DA:3,1
DA:4,1
DA:5,5
DA:6,5
DA:7,5
DA:8,5
DA:9,5
DA:10,5
DA:11,1
DA:12,1
DA:13,5
DA:14,5
DA:15,5
DA:16,5
DA:17,5
DA:18,1
DA:19,1
DA:20,5
DA:21,5
DA:22,5
DA:23,5
DA:24,5
DA:25,1
DA:26,5
DA:27,1
DA:28,1
DA:29,1
DA:30,1
DA:31,1
DA:32,1
DA:33,2
DA:34,2
DA:35,2
LF:35
LH:35
BRDA:4,0,0,5
BRDA:10,1,0,1
BRDA:17,2,0,1
BRDA:22,3,0,1
BRDA:24,4,0,1
BRDA:26,5,0,2
BRDA:26,6,0,1
BRF:7
BRH:7
end_of_record
TN:
SF:src\services\validator.service.ts
FN:3,validatorService
FNF:1
FNH:1
FNDA:13,validatorService
DA:1,1
DA:2,1
DA:3,1
DA:4,13
DA:5,13
DA:6,13
DA:7,13
DA:8,13
DA:9,1
DA:10,1
DA:11,12
DA:12,13
DA:13,1
DA:14,1
DA:15,13
DA:16,13
DA:17,1
DA:18,1
DA:19,13
DA:20,13
DA:21,1
DA:22,1
DA:23,13
DA:24,13
DA:25,1
DA:26,1
DA:27,13
DA:28,13
DA:29,1
DA:30,1
DA:31,13
DA:32,13
DA:33,13
LF:33
LH:33
BRDA:3,0,0,13
BRDA:8,1,0,1
BRDA:11,2,0,12
BRDA:12,3,0,1
BRDA:16,4,0,1
BRDA:20,5,0,1
BRDA:24,6,0,1
BRDA:28,7,0,1
BRF:8
BRH:8
end_of_record
